[INFO] Scanning for projects...
[INFO] ------------------------------------------------------------------------
[INFO] Reactor Build Order:
[INFO] 
[INFO] ironclad-parent                                                    [pom]
[INFO] gateway-service                                                    [jar]
[INFO] sink-service                                                       [jar]
[INFO] 
[INFO] --------------------< com.ironclad:ironclad-parent >--------------------
[INFO] Building ironclad-parent 0.0.1-SNAPSHOT                            [1/3]
[INFO]   from pom.xml
[INFO] --------------------------------[ pom ]---------------------------------
[INFO] 
[INFO] --- clean:3.2.0:clean (default-clean) @ ironclad-parent ---
[INFO] 
[INFO] --- install:3.1.1:install (default-install) @ ironclad-parent ---
[INFO] Installing C:\webtime\ironclad\pom.xml to C:\Users\lenovo\.m2\repository\com\ironclad\ironclad-parent\0.0.1-SNAPSHOT\ironclad-parent-0.0.1-SNAPSHOT.pom
[INFO] 
[INFO] --------------------< com.ironclad:gateway-service >--------------------
[INFO] Building gateway-service 0.0.1-SNAPSHOT                            [2/3]
[INFO]   from gateway-service\pom.xml
[INFO] --------------------------------[ jar ]---------------------------------
[WARNING] 2 problems were encountered while building the effective model for org.apache.yetus:audience-annotations:jar:0.5.0 during dependency collection step for project (use -X to see details)
[INFO] 
[INFO] --- clean:3.2.0:clean (default-clean) @ gateway-service ---
[INFO] Deleting C:\webtime\ironclad\gateway-service\target
[INFO] 
[INFO] --- resources:3.3.1:resources (default-resources) @ gateway-service ---
[INFO] Copying 1 resource from src\main\resources to target\classes
[INFO] Copying 0 resource from src\main\resources to target\classes
[INFO] 
[INFO] --- compiler:3.11.0:compile (default-compile) @ gateway-service ---
[INFO] Changes detected - recompiling the module! :source
[INFO] Compiling 5 source files with javac [debug release 17] to target\classes
[INFO] 
[INFO] --- resources:3.3.1:testResources (default-testResources) @ gateway-service ---
[INFO] skip non existing resourceDirectory C:\webtime\ironclad\gateway-service\src\test\resources
[INFO] 
[INFO] --- compiler:3.11.0:testCompile (default-testCompile) @ gateway-service ---
[INFO] No sources to compile
[INFO] 
[INFO] --- surefire:3.0.0:test (default-test) @ gateway-service ---
[INFO] Tests are skipped.
[INFO] 
[INFO] --- jar:3.3.0:jar (default-jar) @ gateway-service ---
[INFO] Building jar: C:\webtime\ironclad\gateway-service\target\gateway-service-0.0.1-SNAPSHOT.jar
[INFO] 
[INFO] --- spring-boot:3.1.5:repackage (repackage) @ gateway-service ---
[INFO] Replacing main artifact C:\webtime\ironclad\gateway-service\target\gateway-service-0.0.1-SNAPSHOT.jar with repackaged archive, adding nested dependencies in BOOT-INF/.
[INFO] The original artifact has been renamed to C:\webtime\ironclad\gateway-service\target\gateway-service-0.0.1-SNAPSHOT.jar.original
[INFO] 
[INFO] --- install:3.1.1:install (default-install) @ gateway-service ---
[INFO] Installing C:\webtime\ironclad\gateway-service\pom.xml to C:\Users\lenovo\.m2\repository\com\ironclad\gateway-service\0.0.1-SNAPSHOT\gateway-service-0.0.1-SNAPSHOT.pom
[INFO] Installing C:\webtime\ironclad\gateway-service\target\gateway-service-0.0.1-SNAPSHOT.jar to C:\Users\lenovo\.m2\repository\com\ironclad\gateway-service\0.0.1-SNAPSHOT\gateway-service-0.0.1-SNAPSHOT.jar
[INFO] 
[INFO] ---------------------< com.ironclad:sink-service >----------------------
[INFO] Building sink-service 0.0.1-SNAPSHOT                               [3/3]
[INFO]   from sink-service\pom.xml
[INFO] --------------------------------[ jar ]---------------------------------
[INFO] 
[INFO] --- clean:3.2.0:clean (default-clean) @ sink-service ---
[INFO] Deleting C:\webtime\ironclad\sink-service\target
[INFO] 
[INFO] --- resources:3.3.1:resources (default-resources) @ sink-service ---
[INFO] Copying 1 resource from src\main\resources to target\classes
[INFO] Copying 0 resource from src\main\resources to target\classes
[INFO] 
[INFO] --- compiler:3.11.0:compile (default-compile) @ sink-service ---
[INFO] Changes detected - recompiling the module! :source
[INFO] Compiling 6 source files with javac [debug release 17] to target\classes
[INFO] 
[INFO] --- resources:3.3.1:testResources (default-testResources) @ sink-service ---
[INFO] skip non existing resourceDirectory C:\webtime\ironclad\sink-service\src\test\resources
[INFO] 
[INFO] --- compiler:3.11.0:testCompile (default-testCompile) @ sink-service ---
[INFO] No sources to compile
[INFO] 
[INFO] --- surefire:3.0.0:test (default-test) @ sink-service ---
[INFO] Tests are skipped.
[INFO] 
[INFO] --- jar:3.3.0:jar (default-jar) @ sink-service ---
[INFO] Building jar: C:\webtime\ironclad\sink-service\target\sink-service-0.0.1-SNAPSHOT.jar
[INFO] 
[INFO] --- spring-boot:3.1.5:repackage (repackage) @ sink-service ---
[INFO] Replacing main artifact C:\webtime\ironclad\sink-service\target\sink-service-0.0.1-SNAPSHOT.jar with repackaged archive, adding nested dependencies in BOOT-INF/.
[INFO] The original artifact has been renamed to C:\webtime\ironclad\sink-service\target\sink-service-0.0.1-SNAPSHOT.jar.original
[INFO] 
[INFO] --- install:3.1.1:install (default-install) @ sink-service ---
[INFO] Installing C:\webtime\ironclad\sink-service\pom.xml to C:\Users\lenovo\.m2\repository\com\ironclad\sink-service\0.0.1-SNAPSHOT\sink-service-0.0.1-SNAPSHOT.pom
[INFO] Installing C:\webtime\ironclad\sink-service\target\sink-service-0.0.1-SNAPSHOT.jar to C:\Users\lenovo\.m2\repository\com\ironclad\sink-service\0.0.1-SNAPSHOT\sink-service-0.0.1-SNAPSHOT.jar
[INFO] ------------------------------------------------------------------------
[INFO] Reactor Summary for ironclad-parent 0.0.1-SNAPSHOT:
[INFO] 
[INFO] ironclad-parent .................................... SUCCESS [  0.256 s]
[INFO] gateway-service .................................... SUCCESS [  4.009 s]
[INFO] sink-service ....................................... SUCCESS [  1.351 s]
[INFO] ------------------------------------------------------------------------
[INFO] BUILD SUCCESS
[INFO] ------------------------------------------------------------------------
[INFO] Total time:  6.051 s
[INFO] Finished at: 2026-02-22T21:08:37+05:30
[INFO] ------------------------------------------------------------------------
